\BOOKMARK [1][-]{section.1}{Pos es tupla\(x:Nat, y:Nat\)}{}% 1
\BOOKMARK [1][-]{section.2}{Placa es Nat}{}% 2
\BOOKMARK [1][-]{section.3}{Nombre es String}{}% 3
\BOOKMARK [1][-]{section.4}{CampusSeguro}{}% 4
\BOOKMARK [2][-]{subsection.4.1}{Interfaz}{section.4}% 5
\BOOKMARK [2][-]{subsection.4.2}{Representaci\363n}{section.4}% 6
\BOOKMARK [2][-]{subsection.4.3}{Algoritmos}{section.4}% 7
\BOOKMARK [2][-]{subsection.4.4}{Algoritmos operaciones auxiliares}{section.4}% 8
\BOOKMARK [1][-]{section.5}{Diccionario Rapido}{}% 9
\BOOKMARK [2][-]{subsection.5.1}{Interfaz}{section.5}% 10
\BOOKMARK [2][-]{subsection.5.2}{Representaci\363n}{section.5}% 11
\BOOKMARK [2][-]{subsection.5.3}{Algoritmos}{section.5}% 12
\BOOKMARK [2][-]{subsection.5.4}{Operaciones privadas}{section.5}% 13
\BOOKMARK [2][-]{subsection.5.5}{Representaci\363n del iterador}{section.5}% 14
\BOOKMARK [1][-]{section.6}{Diccionario por nombres}{}% 15
\BOOKMARK [2][-]{subsection.6.1}{Interfaz}{section.6}% 16
\BOOKMARK [2][-]{subsection.6.2}{Representaci\363n}{section.6}% 17
\BOOKMARK [2][-]{subsection.6.3}{Algoritmos}{section.6}% 18
\BOOKMARK [2][-]{subsection.6.4}{Operaciones del iterador}{section.6}% 19
\BOOKMARK [2][-]{subsection.6.5}{Representaci\363n del iterador}{section.6}% 20
\BOOKMARK [2][-]{subsection.6.6}{Algoritmos del iterador}{section.6}% 21
\BOOKMARK [1][-]{section.7}{Campus}{}% 22
\BOOKMARK [2][-]{subsection.7.1}{Interfaz}{section.7}% 23
\BOOKMARK [2][-]{subsection.7.2}{Representaci\363n}{section.7}% 24
\BOOKMARK [2][-]{subsection.7.3}{Algoritmos}{section.7}% 25
\BOOKMARK [2][-]{subsection.7.4}{Servicios Usados}{section.7}% 26
